<?xml version="1.0" encoding="UTF-8"?>
<testsuite xmlns:xsi="http://www.w3.org/2001/XMLSchema-instance" xsi:noNamespaceSchemaLocation="https://maven.apache.org/surefire/maven-surefire-plugin/xsd/surefire-test-report.xsd" version="3.0.1" name="ch.heigvd.project1.AppTest" time="0.046" tests="1" errors="0" skipped="0" failures="0">
  <properties>
    <property name="java.specification.version" value="21"/>
    <property name="sun.jnu.encoding" value="UTF-8"/>
    <property name="java.class.path" value="/home/tmatth/heig-vd/DAI/practical-work/DAI-2025-2026-Class-A-Practical-work-1-Sofia-Garfo-Henriques-Quentin-Eschmann-Thibault-Matthey/target/test-classes:/home/tmatth/heig-vd/DAI/practical-work/DAI-2025-2026-Class-A-Practical-work-1-Sofia-Garfo-Henriques-Quentin-Eschmann-Thibault-Matthey/target/classes:/home/tmatth/.m2/repository/org/junit/jupiter/junit-jupiter-api/5.11.0/junit-jupiter-api-5.11.0.jar:/home/tmatth/.m2/repository/org/opentest4j/opentest4j/1.3.0/opentest4j-1.3.0.jar:/home/tmatth/.m2/repository/org/junit/platform/junit-platform-commons/1.11.0/junit-platform-commons-1.11.0.jar:/home/tmatth/.m2/repository/org/apiguardian/apiguardian-api/1.1.2/apiguardian-api-1.1.2.jar:/home/tmatth/.m2/repository/org/junit/jupiter/junit-jupiter-params/5.11.0/junit-jupiter-params-5.11.0.jar:/home/tmatth/.m2/repository/info/picocli/picocli/4.7.6/picocli-4.7.6.jar:"/>
    <property name="java.vm.vendor" value="Eclipse Adoptium"/>
    <property name="sun.arch.data.model" value="64"/>
    <property name="java.vendor.url" value="https://adoptium.net/"/>
    <property name="os.name" value="Linux"/>
    <property name="java.vm.specification.version" value="21"/>
    <property name="sun.java.launcher" value="SUN_STANDARD"/>
    <property name="sun.boot.library.path" value="/home/tmatth/.sdkman/candidates/java/21.0.8-tem/lib"/>
    <property name="sun.java.command" value="/home/tmatth/heig-vd/DAI/practical-work/DAI-2025-2026-Class-A-Practical-work-1-Sofia-Garfo-Henriques-Quentin-Eschmann-Thibault-Matthey/target/surefire/surefirebooter-20251009174226086_3.jar /home/tmatth/heig-vd/DAI/practical-work/DAI-2025-2026-Class-A-Practical-work-1-Sofia-Garfo-Henriques-Quentin-Eschmann-Thibault-Matthey/target/surefire 2025-10-09T17-42-25_942-jvmRun1 surefire-20251009174226086_1tmp surefire_0-20251009174226086_2tmp"/>
    <property name="jdk.debug" value="release"/>
    <property name="surefire.test.class.path" value="/home/tmatth/heig-vd/DAI/practical-work/DAI-2025-2026-Class-A-Practical-work-1-Sofia-Garfo-Henriques-Quentin-Eschmann-Thibault-Matthey/target/test-classes:/home/tmatth/heig-vd/DAI/practical-work/DAI-2025-2026-Class-A-Practical-work-1-Sofia-Garfo-Henriques-Quentin-Eschmann-Thibault-Matthey/target/classes:/home/tmatth/.m2/repository/org/junit/jupiter/junit-jupiter-api/5.11.0/junit-jupiter-api-5.11.0.jar:/home/tmatth/.m2/repository/org/opentest4j/opentest4j/1.3.0/opentest4j-1.3.0.jar:/home/tmatth/.m2/repository/org/junit/platform/junit-platform-commons/1.11.0/junit-platform-commons-1.11.0.jar:/home/tmatth/.m2/repository/org/apiguardian/apiguardian-api/1.1.2/apiguardian-api-1.1.2.jar:/home/tmatth/.m2/repository/org/junit/jupiter/junit-jupiter-params/5.11.0/junit-jupiter-params-5.11.0.jar:/home/tmatth/.m2/repository/info/picocli/picocli/4.7.6/picocli-4.7.6.jar:"/>
    <property name="sun.cpu.endian" value="little"/>
    <property name="user.home" value="/home/tmatth"/>
    <property name="user.language" value="en"/>
    <property name="java.specification.vendor" value="Oracle Corporation"/>
    <property name="java.version.date" value="2025-07-15"/>
    <property name="java.home" value="/home/tmatth/.sdkman/candidates/java/21.0.8-tem"/>
    <property name="file.separator" value="/"/>
    <property name="basedir" value="/home/tmatth/heig-vd/DAI/practical-work/DAI-2025-2026-Class-A-Practical-work-1-Sofia-Garfo-Henriques-Quentin-Eschmann-Thibault-Matthey"/>
    <property name="style.color" value="always"/>
    <property name="java.vm.compressedOopsMode" value="32-bit"/>
    <property name="line.separator" value="&#10;"/>
    <property name="java.vm.specification.vendor" value="Oracle Corporation"/>
    <property name="java.specification.name" value="Java Platform API Specification"/>
    <property name="surefire.real.class.path" value="/home/tmatth/heig-vd/DAI/practical-work/DAI-2025-2026-Class-A-Practical-work-1-Sofia-Garfo-Henriques-Quentin-Eschmann-Thibault-Matthey/target/surefire/surefirebooter-20251009174226086_3.jar"/>
    <property name="sun.management.compiler" value="HotSpot 64-Bit Tiered Compilers"/>
    <property name="java.runtime.version" value="21.0.8+9-LTS"/>
    <property name="user.name" value="tmatth"/>
    <property name="stdout.encoding" value="UTF-8"/>
    <property name="path.separator" value=":"/>
    <property name="os.version" value="6.6.87.2-microsoft-standard-WSL2"/>
    <property name="java.runtime.name" value="OpenJDK Runtime Environment"/>
    <property name="file.encoding" value="UTF-8"/>
    <property name="java.vm.name" value="OpenJDK 64-Bit Server VM"/>
    <property name="java.vendor.version" value="Temurin-21.0.8+9"/>
    <property name="maven.ext.class.path" value="/tmp/EdnQZxmaven-event-listener.jar"/>
    <property name="localRepository" value="/home/tmatth/.m2/repository"/>
    <property name="java.vendor.url.bug" value="https://github.com/adoptium/adoptium-support/issues"/>
    <property name="java.io.tmpdir" value="/tmp"/>
    <property name="idea.version" value="2025.2.1"/>
    <property name="java.version" value="21.0.8"/>
    <property name="user.dir" value="/home/tmatth/heig-vd/DAI/practical-work/DAI-2025-2026-Class-A-Practical-work-1-Sofia-Garfo-Henriques-Quentin-Eschmann-Thibault-Matthey"/>
    <property name="os.arch" value="amd64"/>
    <property name="jansi.passthrough" value="true"/>
    <property name="java.vm.specification.name" value="Java Virtual Machine Specification"/>
    <property name="native.encoding" value="UTF-8"/>
    <property name="java.library.path" value="/usr/java/packages/lib:/usr/lib64:/lib64:/lib:/usr/lib"/>
    <property name="java.vm.info" value="mixed mode, sharing"/>
    <property name="stderr.encoding" value="UTF-8"/>
    <property name="java.vendor" value="Eclipse Adoptium"/>
    <property name="java.vm.version" value="21.0.8+9-LTS"/>
    <property name="sun.io.unicode.encoding" value="UnicodeLittle"/>
    <property name="maven.repo.local" value="/home/tmatth/.m2/repository"/>
    <property name="java.class.version" value="65.0"/>
  </properties>
  <testcase name="shouldAnswerWithTrue" classname="ch.heigvd.project1.AppTest" time="0.022"/>
</testsuite>